<?xml version="1.0" encoding="UTF-8"?>
<testsuite xmlns:xsi="http://www.w3.org/2001/XMLSchema-instance" xsi:noNamespaceSchemaLocation="https://maven.apache.org/surefire/maven-surefire-plugin/xsd/surefire-test-report.xsd" name="com.webservices.productservice.ProductServiceApplicationTests" time="15.909" tests="2" errors="0" skipped="0" failures="0">
  <properties>
[...]
</properties>
  <testcase name="shouldCreateProduct" classname="com.webservices.productservice.ProductServiceApplicationTests" time="1.196"/>
  <testcase name="shouldGetProducts" classname="com.webservices.productservice.ProductServiceApplicationTests" time="0.003"/>
</testsuite>